proguard/seeds.txt
com.suraksha.Ad_form
com.suraksha.Ad_form: Ad_form()
com.suraksha.Add_circles
com.suraksha.Add_circles: Add_circles()
com.suraksha.Add_members
com.suraksha.Add_members: Add_members()
com.suraksha.Adsearch_details
com.suraksha.Adsearch_details: Adsearch_details()
com.suraksha.CountdownActivity
com.suraksha.CountdownActivity: CountdownActivity()
com.suraksha.Fill_emergency_numbers
com.suraksha.Fill_emergency_numbers: Fill_emergency_numbers()
com.suraksha.Fill_user_details
com.suraksha.Fill_user_details: Fill_user_details()
com.suraksha.Fill_user_details: void onRadioButtonClicked(android.view.View)
com.suraksha.Help
com.suraksha.Help: Help()
com.suraksha.Home
com.suraksha.Home: Home()
com.suraksha.HorizontialListView
com.suraksha.HorizontialListView: HorizontialListView(android.content.Context,android.util.AttributeSet)
com.suraksha.Landingpage
com.suraksha.Landingpage: Landingpage()
com.suraksha.Mapplaces
com.suraksha.Mapplaces: Mapplaces()
com.suraksha.Mapplaces: void onToggleClicked(android.view.View)
com.suraksha.MyService
com.suraksha.MyService: MyService()
com.suraksha.OTP_verification
com.suraksha.OTP_verification: OTP_verification()
com.suraksha.Preloader
com.suraksha.Preloader: Preloader()
com.suraksha.Registration
com.suraksha.Registration: Registration()
com.suraksha.Sensorcallingevent
com.suraksha.Sensorcallingevent: Sensorcallingevent()
com.suraksha.Settings
com.suraksha.Settings: Settings()
com.suraksha.Settings: void onCheckboxClicked(android.view.View)
com.suraksha.Settings: void onToggleClicked(android.view.View)
com.suraksha.Shaker_Service
com.suraksha.Shaker_Service: Shaker_Service()
com.suraksha.Show_attachments
com.suraksha.Show_attachments: Show_attachments()
com.suraksha.Social_circle
com.suraksha.Social_circle: Social_circle()
com.suraksha.Updatepersonaldetail
com.suraksha.Updatepersonaldetail: Updatepersonaldetail()
com.suraksha.Updatepersonaldetail: void onRadioButtonClicked(android.view.View)
com.suraksha.attachment_dialog
com.suraksha.attachment_dialog: attachment_dialog()
...
android.support.v4.app.Fragment: Fragment()
android.support.v4.app.FragmentActivity: FragmentActivity()
com.google.android.gms.ads.AdActivity
com.google.android.gms.ads.AdActivity: AdActivity()
com.google.android.gms.ads.AdView
com.google.android.gms.ads.AdView: AdView(android.content.Context)
com.google.android.gms.ads.AdView: AdView(android.content.Context,android.util.AttributeSet)
com.google.android.gms.ads.AdView: AdView(android.content.Context,android.util.AttributeSet,int)
com.google.android.gms.maps.SupportMapFragment
com.google.android.gms.maps.SupportMapFragment: SupportMapFragment()
com.ticktick.imagecropper.CropImageActivity
com.ticktick.imagecropper.CropImageActivity: CropImageActivity()
com.ticktick.imagecropper.CropImageActivity: void onClickBack(android.view.View)
com.ticktick.imagecropper.CropImageActivity: void onClickSave(android.view.View)
com.ticktick.imagecropper.CropImageActivity: void onClickRotate(android.view.View)
com.ticktick.imagecropper.CropImageActivity: void onClickReset(android.view.View)
com.ticktick.imagecropper.CropImageActivity: void onClickCrop(android.view.View)
com.ticktick.imagecropper.CropImageView
com.ticktick.imagecropper.CropImageView: CropImageView(android.content.Context)
com.ticktick.imagecropper.CropImageView: CropImageView(android.content.Context,android.util.AttributeSet)