proguard/mapping.txt
com.suraksha.ActivitySwipeDetector -> com.suraksha.a:
    com.suraksha.SwipeInterface activity -> a
    float downX -> b
    float upX -> c
    boolean onTouch(android.view.View,android.view.MotionEvent) -> onTouch
com.suraksha.Ad_form -> com.suraksha.Ad_form:
    android.widget.Spinner adtype -> g
    android.widget.Spinner adcategory -> h
    android.widget.Spinner adproducttype -> i
    android.widget.Spinner adusedproduct -> a
    android.widget.Spinner adstate -> j
    android.widget.Spinner adcity -> b
    android.widget.Spinner adscope -> k
    android.widget.EditText adcategoryname -> l
    android.widget.EditText adtitle -> m
    android.widget.EditText addescription -> n
    android.widget.EditText adkeyword -> o
    android.widget.EditText adaddress -> p
    android.widget.EditText adcontactno -> q
    android.widget.EditText ademailid -> r
    android.widget.EditText adwebsite -> s
    android.widget.Button btnsubmitad -> t
    android.widget.ImageButton btnattachad -> u
    java.lang.String type -> v
    java.lang.String category -> w
    java.lang.String categoryname -> x
    java.lang.String producttype -> y
    java.lang.String productused -> z
    java.lang.String state -> A
    java.lang.String city -> B
    java.lang.String scope -> C
    java.lang.String postedby -> D
    java.lang.String title -> E
    java.lang.String description -> F
    java.lang.String keyword -> G
    java.lang.String address -> H
    java.lang.String contactno -> I
    java.lang.String emailid -> J
    java.lang.String website -> K
    java.lang.String image -> L
    java.util.ArrayList listcity -> c
    android.widget.ArrayAdapter adcity_adapter -> d
com.suraksha.Ad_form$1 -> com.suraksha.b:
    com.suraksha.Ad_form this$0 -> a
    void onItemSelected(android.widget.AdapterView,android.view.View,int,long) -> onItemSelected
    void onNothingSelected(android.widget.AdapterView) -> onNothingSelected
com.suraksha.Ad_form$2 -> com.suraksha.c:
    com.suraksha.Ad_form this$0 -> a
    void onItemSelected(android.widget.AdapterView,android.view.View,int,long) -> onItemSelected
    void onNothingSelected(android.widget.AdapterView) -> onNothingSelected
com.suraksha.Ad_form$3 -> com.suraksha.d:
    com.suraksha.Ad_form this$0 -> a
    void onClick(android.view.View) -> onClick
com.suraksha.Ad_form$4 -> com.suraksha.e:
    com.suraksha.Ad_form this$0 -> a
    void onClick(android.view.View) -> onClick
com.suraksha.Ad_form$5 -> com.suraksha.f:
    com.suraksha.Ad_form this$0 -> a
    java.lang.CharSequence[] val$items -> b
    void onClick(android.content.DialogInterface,int) -> onClick
com.suraksha.Add_circles -> com.suraksha.Add_circles:
    com.suraksha.Databaseclass db -> d
    android.widget.EditText txtcirclename -> a
    android.widget.Button btndone -> e
    java.lang.String cname -> b
    java.sql.Connection conn -> f
    java.sql.Statement stmnt -> g
    java.sql.Statement stmnt2 -> h
    java.lang.String umobile -> c
    int cid -> i
    void onCreate(android.os.Bundle) -> onCreate
    boolean onCreateOptionsMenu(android.view.Menu) -> onCreateOptionsMenu
    void createcircle() -> a
    void onBackPressed() -> onBackPressed
com.suraksha.Add_circles$1 -> com.suraksha.g:
    com.suraksha.Add_circles this$0 -> a
    void onClick(android.view.View) -> onClick
...
com.google.android.gms.internal.go$2 -> com.google.android.gms.c.es:
    java.lang.String wz -> a
    com.google.android.gms.internal.go$a wA -> b
    java.lang.Object call() -> call
com.google.android.gms.internal.go$a -> com.google.android.gms.c.et:
    java.lang.Object b(java.io.InputStream) -> a
    java.lang.Object cJ() -> a
com.google.android.gms.internal.gq -> com.google.android.gms.c.eu:
    java.lang.String mv -> a
    android.content.Context mContext -> b
    java.lang.String uR -> c
    java.lang.String vW -> d
    void onStop() -> b_
    void co() -> a
com.google.android.gms.internal.gr -> com.google.android.gms.c.ev:
    android.os.Handler wC -> a
    int a(android.content.Context,int) -> a
    int a(android.util.DisplayMetrics,int) -> a
    void a(android.view.ViewGroup,com.google.android.gms.internal.ay,java.lang.String,java.lang.String) -> a
    void a(android.view.ViewGroup,com.google.android.gms.internal.ay,java.lang.String) -> a
    void a(android.view.ViewGroup,com.google.android.gms.internal.ay,java.lang.String,int,int) -> a
    java.lang.String v(android.content.Context) -> a
    boolean dr() -> a
    boolean ds() -> b
    java.lang.String R(java.lang.String) -> a
com.google.android.gms.internal.gt -> com.google.android.gms.c.ew:
    com.google.android.gms.internal.gu CREATOR -> a
    int versionCode -> b
    java.lang.String wD -> c
    int wE -> d
    int wF -> e
    boolean wG -> f
    int describeContents() -> describeContents
    void writeToParcel(android.os.Parcel,int) -> writeToParcel
com.google.android.gms.internal.gu -> com.google.android.gms.c.ex:
    void a$659fe7a5(com.google.android.gms.internal.gt,android.os.Parcel) -> a
    java.lang.Object[] newArray(int) -> newArray
    java.lang.Object createFromParcel(android.os.Parcel) -> createFromParcel
com.google.android.gms.internal.gv -> com.google.android.gms.c.ey:
    com.google.android.gms.internal.gw wH -> a
    com.google.android.gms.internal.gv$a wI -> b
    java.lang.Object mw -> c
    com.google.android.gms.internal.k sX -> d
    com.google.android.gms.internal.gt qs -> e
    com.google.android.gms.internal.dk wJ -> f
    com.google.android.gms.internal.ay qr -> g
    boolean wK -> h
    boolean wL -> i
    boolean wM -> j
    boolean wN -> k
    android.view.WindowManager mG -> l
    com.google.android.gms.internal.gv a(android.content.Context,com.google.android.gms.internal.ay,boolean,boolean,com.google.android.gms.internal.k,com.google.android.gms.internal.gt) -> a
    void bS() -> a
    void a(java.lang.String,java.util.Map) -> a
    void X(java.lang.String) -> a
    void a(java.lang.String,org.json.JSONObject) -> a
    void b(java.lang.String,org.json.JSONObject) -> b
    void ca() -> b
    void bZ() -> c
    com.google.android.gms.internal.dk dt() -> d
    com.google.android.gms.internal.ay Y() -> e
    com.google.android.gms.internal.gw du() -> f
    boolean dv() -> g
    com.google.android.gms.internal.k dw() -> h
    com.google.android.gms.internal.gt dx() -> i
    boolean dy() -> j
    void onDownloadStart(java.lang.String,java.lang.String,java.lang.String,java.lang.String,long) -> onDownloadStart
    boolean onTouchEvent(android.view.MotionEvent) -> onTouchEvent
    void onMeasure(int,int) -> onMeasure
com.google.android.gms.internal.gv$a -> com.google.android.gms.c.ez:
    android.app.Activity wO -> a
    android.content.Context mD -> b
    void setBaseContext(android.content.Context) -> setBaseContext
    void startActivity(android.content.Intent) -> startActivity
    android.content.Context dz() -> a