proguard/usage.txt
com.suraksha.ActivitySwipeDetector:
    static final java.lang.String logTag
    static final int MIN_DISTANCE
com.suraksha.Add_members:
    com.suraksha.Add_circles ac
    private static final int REQUEST_CONTACTPICKER
    com.suraksha.Mapplaces mp
com.suraksha.Adsearch_details:
    com.suraksha.Home hm
com.suraksha.BaseAlbumDirFactory:
    private static final java.lang.String CAMERA_DIR
com.suraksha.BuildConfig
com.suraksha.Databaseclass:
    private static final int DB_VERSION
    public static final java.lang.String DB_NAME
    private static final java.lang.String TABLE_NAME
    private static final java.lang.String TABLE_NAME2
    private static final java.lang.String name
    private static final java.lang.String mobile
    private static final java.lang.String email
    private static final java.lang.String gender
    private static final java.lang.String age
    private static final java.lang.String bloodgroup
    private static final java.lang.String address
    private static final java.lang.String employed
    private static final java.lang.String profession
    private static final java.lang.String mobileno1
    private static final java.lang.String mobileno2
    private static final java.lang.String mobileno3
    private static final java.lang.String message1
    private static final java.lang.String message2
    private static final java.lang.String defaultno
    private static final java.lang.String defaultmsg
    private static final java.lang.String servercontact
    private static final java.lang.String fname
    private static final java.lang.String lname
    private static final java.lang.String dob
    private static final java.lang.String maritalstatus
    private static final java.lang.String fathername
    private static final java.lang.String fathermobile
    private static final java.lang.String spousename
com.suraksha.DiscussArrayAdapter:
    com.suraksha.Home h
    public java.lang.String path
    public java.lang.String imgcaption
    public java.lang.Object indextag
    145:145:public void openonclick()
    148:148:public android.graphics.Bitmap decodeToBitmap(byte[])
    154:154:public void show()
com.suraksha.FileChooserDialog
com.suraksha.FileChooserDialog$1
com.suraksha.FileChooserDialog$Result
com.suraksha.Fill_emergency_numbers:
    com.suraksha.Fill_user_details fud
    int PICK_CONTACT
com.suraksha.Fill_user_details:
    com.suraksha.Registration reg
    android.widget.EditText txtbloodgroup
    android.widget.EditText txtaddress
    android.widget.RadioButton rbemployedyes
    android.widget.RadioButton rbemployedno
    android.widget.EditText txtprofession
    android.widget.TextView tmp
    static java.lang.String ibloodgroup
    static java.lang.String iaddress
    static java.lang.String iprofession
com.suraksha.Help:
    android.widget.Button btn
com.suraksha.Home:
    private static final java.lang.String JPEG_FILE_PREFIX
    private static final java.lang.String JPEG_FILE_SUFFIX
    public static final int progress_bar_type
    android.widget.ArrayAdapter aa
    com.suraksha.OTP_verification otpv
    static java.lang.String name
    android.widget.ImageButton btnstart
    android.widget.ImageButton btnnotification
    android.widget.ImageButton btnpostad
    int i
    int j
    android.widget.Button b1
    android.database.Cursor cur
    com.suraksha.attachment_dialog ad
    com.suraksha.Preloader p
    private static final java.lang.String TAG
    private java.lang.String chosenFile
    private static final int DIALOG_LOAD_FILE
    android.widget.ListAdapter adapter
    774:784:public void selectimagefromcamera()
    1159:1190:public void insertcontact()
com.suraksha.HorizontialListView:
    290:292:public synchronized void scrollTo(int)
...
com.google.android.gms.analytics.y
com.google.android.gms.analytics.z
com.google.android.gms.appindexing.AppIndex
com.google.android.gms.appindexing.AppIndexApi
com.google.android.gms.appindexing.AppIndexApi$AppIndexingLink
com.google.android.gms.appstate.AppState
com.google.android.gms.appstate.AppStateBuffer
com.google.android.gms.appstate.AppStateManager
com.google.android.gms.appstate.AppStateManager$1
com.google.android.gms.appstate.AppStateManager$2
com.google.android.gms.appstate.AppStateManager$3
com.google.android.gms.appstate.AppStateManager$4
com.google.android.gms.appstate.AppStateManager$5
com.google.android.gms.appstate.AppStateManager$5$1
com.google.android.gms.appstate.AppStateManager$6
com.google.android.gms.appstate.AppStateManager$7
com.google.android.gms.appstate.AppStateManager$8
com.google.android.gms.appstate.AppStateManager$9
com.google.android.gms.appstate.AppStateManager$StateConflictResult
com.google.android.gms.appstate.AppStateManager$StateDeletedResult
com.google.android.gms.appstate.AppStateManager$StateListResult
com.google.android.gms.appstate.AppStateManager$StateLoadedResult
com.google.android.gms.appstate.AppStateManager$StateResult
com.google.android.gms.appstate.AppStateManager$a
com.google.android.gms.appstate.AppStateManager$b
com.google.android.gms.appstate.AppStateManager$c
com.google.android.gms.appstate.AppStateManager$c$1
com.google.android.gms.appstate.AppStateManager$d
com.google.android.gms.appstate.AppStateManager$e
com.google.android.gms.appstate.AppStateStatusCodes
com.google.android.gms.appstate.a
com.google.android.gms.appstate.b
com.google.android.gms.auth.AccountChangeEvent
com.google.android.gms.auth.AccountChangeEventCreator
com.google.android.gms.auth.AccountChangeEventsRequest
com.google.android.gms.auth.AccountChangeEventsRequestCreator
com.google.android.gms.auth.AccountChangeEventsResponse
com.google.android.gms.auth.AccountChangeEventsResponseCreator
com.google.android.gms.auth.GoogleAuthException
com.google.android.gms.auth.GoogleAuthUtil
com.google.android.gms.auth.GoogleAuthUtil$a
com.google.android.gms.auth.GooglePlayServicesAvailabilityException
com.google.android.gms.auth.UserRecoverableAuthException
com.google.android.gms.auth.UserRecoverableNotifiedException
com.google.android.gms.auth.api.GoogleAuthApiClientImpl
com.google.android.gms.auth.api.GoogleAuthApiException
com.google.android.gms.auth.api.GoogleAuthApiRequest
com.google.android.gms.auth.api.GoogleAuthApiRequestCreator
com.google.android.gms.auth.api.GoogleAuthApiResponse
com.google.android.gms.auth.api.GoogleAuthApiResponseCreator
com.google.android.gms.auth.api.IGoogleAuthApiCallbacks
com.google.android.gms.auth.api.IGoogleAuthApiCallbacks$Stub
com.google.android.gms.auth.api.IGoogleAuthApiCallbacks$Stub$a
com.google.android.gms.auth.api.IGoogleAuthService
com.google.android.gms.auth.api.IGoogleAuthService$Stub
com.google.android.gms.auth.api.IGoogleAuthService$Stub$a
com.google.android.gms.cast.ApplicationMetadata
com.google.android.gms.cast.Cast
com.google.android.gms.cast.Cast$1
com.google.android.gms.cast.Cast$ApplicationConnectionResult
com.google.android.gms.cast.Cast$CastApi
com.google.android.gms.cast.Cast$CastApi$a
com.google.android.gms.cast.Cast$CastApi$a$1
com.google.android.gms.cast.Cast$CastApi$a$2
com.google.android.gms.cast.Cast$CastApi$a$3
com.google.android.gms.cast.Cast$CastApi$a$4
com.google.android.gms.cast.Cast$CastApi$a$5
com.google.android.gms.cast.Cast$CastApi$a$6
com.google.android.gms.cast.Cast$CastApi$a$7
com.google.android.gms.cast.Cast$CastApi$a$8
com.google.android.gms.cast.Cast$CastApi$a$9
com.google.android.gms.cast.Cast$CastOptions
com.google.android.gms.cast.Cast$CastOptions$Builder
com.google.android.gms.cast.Cast$Listener
com.google.android.gms.cast.Cast$MessageReceivedCallback
com.google.android.gms.cast.Cast$a
com.google.android.gms.cast.Cast$b
com.google.android.gms.cast.Cast$c